[debug] [2021-08-17T13:49:10.380Z] ----------------------------------------------------------------------
[debug] [2021-08-17T13:49:10.382Z] Command:       /Users/horikazuto/.nodebrew/node/v14.4.0/bin/node /Users/horikazuto/.nodebrew/current/bin/firebase deploy --only hosting
[debug] [2021-08-17T13:49:10.382Z] CLI Version:   9.16.5
[debug] [2021-08-17T13:49:10.382Z] Platform:      darwin
[debug] [2021-08-17T13:49:10.382Z] Node Version:  v14.4.0
[debug] [2021-08-17T13:49:10.383Z] Time:          Tue Aug 17 2021 22:49:10 GMT+0900 (日本標準時)
[debug] [2021-08-17T13:49:10.384Z] ----------------------------------------------------------------------
[debug] 
[debug] [2021-08-17T13:49:10.425Z] > command requires scopes: ["email","openid","https://www.googleapis.com/auth/cloudplatformprojects.readonly","https://www.googleapis.com/auth/firebase","https://www.googleapis.com/auth/cloud-platform"]
[debug] [2021-08-17T13:49:10.425Z] > authorizing via signed-in user (horiktkth@gmail.com)
[debug] [2021-08-17T13:49:10.425Z] [iam] checking project chooseone for permissions ["firebase.projects.get","firebasehosting.sites.update"]
[debug] [2021-08-17T13:49:10.427Z] > refreshing access token with scopes: ["email","https://www.googleapis.com/auth/cloud-platform","https://www.googleapis.com/auth/cloudplatformprojects.readonly","https://www.googleapis.com/auth/firebase","openid"]
[debug] [2021-08-17T13:49:10.427Z] >>> HTTP REQUEST POST https://www.googleapis.com/oauth2/v3/token  
 <request body omitted>
[debug] [2021-08-17T13:49:10.777Z] <<< HTTP RESPONSE 200 {"cache-control":"no-cache, no-store, max-age=0, must-revalidate","expires":"Mon, 01 Jan 1990 00:00:00 GMT","pragma":"no-cache","date":"Tue, 17 Aug 2021 13:49:12 GMT","content-type":"application/json; charset=utf-8","vary":"X-Origin, Referer, Origin,Accept-Encoding","server":"scaffolding on HTTPServer2","x-xss-protection":"0","x-frame-options":"SAMEORIGIN","x-content-type-options":"nosniff","alt-svc":"h3=\":443\"; ma=2592000,h3-29=\":443\"; ma=2592000,h3-T051=\":443\"; ma=2592000,h3-Q050=\":443\"; ma=2592000,h3-Q046=\":443\"; ma=2592000,h3-Q043=\":443\"; ma=2592000,quic=\":443\"; ma=2592000; v=\"46,43\"","accept-ranges":"none","transfer-encoding":"chunked"}
[debug] [2021-08-17T13:49:10.821Z] >>> HTTP REQUEST POST https://cloudresourcemanager.googleapis.com/v1/projects/chooseone:testIamPermissions  
 {"permissions":["firebase.projects.get","firebasehosting.sites.update"]}
[debug] [2021-08-17T13:49:11.718Z] <<< HTTP RESPONSE 200 {"content-type":"application/json; charset=UTF-8","vary":"X-Origin, Referer, Origin,Accept-Encoding","date":"Tue, 17 Aug 2021 13:49:13 GMT","server":"ESF","cache-control":"private","x-xss-protection":"0","x-frame-options":"SAMEORIGIN","x-content-type-options":"nosniff","server-timing":"gfet4t7; dur=568","alt-svc":"h3=\":443\"; ma=2592000,h3-29=\":443\"; ma=2592000,h3-T051=\":443\"; ma=2592000,h3-Q050=\":443\"; ma=2592000,h3-Q046=\":443\"; ma=2592000,h3-Q043=\":443\"; ma=2592000,quic=\":443\"; ma=2592000; v=\"46,43\"","accept-ranges":"none","transfer-encoding":"chunked"}
[debug] [2021-08-17T13:49:11.719Z] > refreshing access token with scopes: []
[debug] [2021-08-17T13:49:11.719Z] >>> HTTP REQUEST POST https://www.googleapis.com/oauth2/v3/token  
 <request body omitted>
[debug] [2021-08-17T13:49:12.373Z] <<< HTTP RESPONSE 200 {"date":"Tue, 17 Aug 2021 13:49:14 GMT","pragma":"no-cache","expires":"Mon, 01 Jan 1990 00:00:00 GMT","cache-control":"no-cache, no-store, max-age=0, must-revalidate","content-type":"application/json; charset=utf-8","vary":"X-Origin, Referer, Origin,Accept-Encoding","server":"scaffolding on HTTPServer2","x-xss-protection":"0","x-frame-options":"SAMEORIGIN","x-content-type-options":"nosniff","alt-svc":"h3=\":443\"; ma=2592000,h3-29=\":443\"; ma=2592000,h3-T051=\":443\"; ma=2592000,h3-Q050=\":443\"; ma=2592000,h3-Q046=\":443\"; ma=2592000,h3-Q043=\":443\"; ma=2592000,quic=\":443\"; ma=2592000; v=\"46,43\"","accept-ranges":"none","transfer-encoding":"chunked"}
[debug] [2021-08-17T13:49:12.416Z] >>> [apiv2][query] GET https://firebase.googleapis.com/v1beta1/projects/chooseone [none]
